mode: set
code/internal/formatters/formatters.go:7.75,8.16 1 0
code/internal/formatters/formatters.go:9.15,10.36 1 0
code/internal/formatters/formatters.go:11.14,12.31 1 0
code/internal/formatters/formatters.go:13.17,14.37 1 0
code/internal/formatters/formatters.go:15.10,16.37 1 0
code/internal/formatters/json.go:8.54,17.2 4 0
code/internal/formatters/json.go:19.81,22.33 2 0
code/internal/formatters/json.go:22.33,23.22 1 0
code/internal/formatters/json.go:24.16,29.6 1 0
code/internal/formatters/json.go:31.18,36.6 1 0
code/internal/formatters/json.go:38.20,43.6 1 0
code/internal/formatters/json.go:45.19,51.6 1 0
code/internal/formatters/json.go:53.17,58.6 1 0
code/internal/formatters/json.go:62.2,62.15 1 0
code/internal/formatters/plain.go:9.68,12.25 2 0
code/internal/formatters/plain.go:12.25,14.3 1 0
code/internal/formatters/plain.go:16.2,16.33 1 0
code/internal/formatters/plain.go:16.33,19.22 2 0
code/internal/formatters/plain.go:20.16,22.51 1 0
code/internal/formatters/plain.go:24.18,25.79 1 0
code/internal/formatters/plain.go:27.19,29.84 1 0
code/internal/formatters/plain.go:31.17,33.26 2 0
code/internal/formatters/plain.go:33.26,36.5 2 0
code/internal/formatters/plain.go:40.2,40.43 1 0
code/internal/formatters/plain.go:43.41,44.16 1 0
code/internal/formatters/plain.go:44.16,46.3 1 0
code/internal/formatters/plain.go:47.2,47.25 1 0
code/internal/formatters/plain.go:50.49,51.18 1 0
code/internal/formatters/plain.go:51.18,53.3 1 0
code/internal/formatters/plain.go:55.2,55.27 1 0
code/internal/formatters/plain.go:56.14,57.14 1 0
code/internal/formatters/plain.go:57.14,59.4 1 0
code/internal/formatters/plain.go:60.3,60.32 1 0
code/internal/formatters/plain.go:61.74,62.27 1 0
code/internal/formatters/plain.go:63.10,64.30 1 0
code/internal/formatters/stylish.go:10.68,13.16 2 0
code/internal/formatters/stylish.go:13.16,15.3 1 0
code/internal/formatters/stylish.go:17.2,17.33 1 0
code/internal/formatters/stylish.go:17.33,18.22 1 0
code/internal/formatters/stylish.go:19.20,21.104 2 0
code/internal/formatters/stylish.go:23.16,25.106 2 0
code/internal/formatters/stylish.go:27.18,29.106 2 0
code/internal/formatters/stylish.go:31.19,34.106 3 0
code/internal/formatters/stylish.go:36.17,40.52 4 0
code/internal/formatters/stylish.go:44.2,44.16 1 0
code/internal/formatters/stylish.go:44.16,46.3 1 0
code/internal/formatters/stylish.go:48.2,48.24 1 0
code/internal/formatters/stylish.go:51.55,52.18 1 0
code/internal/formatters/stylish.go:52.18,54.3 1 0
code/internal/formatters/stylish.go:56.2,56.27 1 0
code/internal/formatters/stylish.go:57.14,58.14 1 0
code/internal/formatters/stylish.go:58.14,60.4 1 0
code/internal/formatters/stylish.go:61.3,61.11 1 0
code/internal/formatters/stylish.go:62.30,63.32 1 0
code/internal/formatters/stylish.go:64.35,66.25 2 0
code/internal/formatters/stylish.go:66.25,67.36 1 0
code/internal/formatters/stylish.go:67.36,69.5 1 0
code/internal/formatters/stylish.go:71.3,71.40 1 0
code/internal/formatters/stylish.go:72.21,73.31 1 0
code/internal/formatters/stylish.go:74.10,75.30 1 0
code/internal/formatters/stylish.go:79.65,80.19 1 0
code/internal/formatters/stylish.go:80.19,82.3 1 0
code/internal/formatters/stylish.go:84.2,88.21 4 0
code/internal/formatters/stylish.go:88.21,90.3 1 0
code/internal/formatters/stylish.go:91.2,93.27 2 0
code/internal/formatters/stylish.go:93.27,96.3 2 0
code/internal/formatters/stylish.go:98.2,100.24 3 0
code/internal/formatters/stylish.go:103.55,104.19 1 0
code/internal/formatters/stylish.go:104.19,106.3 1 0
code/internal/formatters/stylish.go:108.2,111.27 3 0
code/internal/formatters/stylish.go:111.27,114.21 3 0
code/internal/formatters/stylish.go:114.21,116.4 1 0
code/internal/formatters/stylish.go:119.2,121.24 3 0
code/cmd/gendiff/main.go:13.13,29.61 1 0
code/cmd/gendiff/main.go:29.61,30.23 1 0
code/cmd/gendiff/main.go:30.23,32.5 1 0
code/cmd/gendiff/main.go:34.4,37.20 4 0
code/cmd/gendiff/main.go:37.20,39.5 1 0
code/cmd/gendiff/main.go:41.4,43.18 2 0
code/cmd/gendiff/main.go:43.18,45.5 1 0
code/cmd/gendiff/main.go:47.4,49.14 2 0
code/cmd/gendiff/main.go:53.2,53.63 1 0
code/cmd/gendiff/main.go:53.63,55.3 1 0
code/gendiff.go:21.59,23.16 2 1
code/gendiff.go:23.16,26.3 2 0
code/gendiff.go:28.2,29.16 2 1
code/gendiff.go:29.16,32.3 2 0
code/gendiff.go:34.2,35.55 2 1
code/gendiff.go:38.68,40.13 2 1
code/gendiff.go:41.16,42.25 1 1
code/gendiff.go:43.32,44.25 1 1
code/gendiff.go:45.10,46.64 1 1
code/gendiff.go:50.61,52.16 2 1
code/gendiff.go:52.16,54.3 1 1
code/gendiff.go:56.2,57.51 2 1
code/gendiff.go:57.51,59.3 1 0
code/gendiff.go:61.2,61.25 1 1
code/gendiff.go:62.30,63.16 1 1
code/gendiff.go:64.21,65.48 1 1
code/gendiff.go:66.10,67.48 1 0
code/gendiff.go:71.61,73.16 2 1
code/gendiff.go:73.16,75.3 1 0
code/gendiff.go:77.2,78.51 2 1
code/gendiff.go:78.51,80.3 1 0
code/gendiff.go:82.2,82.25 1 1
code/gendiff.go:83.35,85.25 2 1
code/gendiff.go:85.25,86.36 1 1
code/gendiff.go:86.36,88.5 1 1
code/gendiff.go:88.10,90.5 1 0
code/gendiff.go:92.3,92.24 1 1
code/gendiff.go:93.30,94.16 1 0
code/gendiff.go:95.21,96.48 1 0
code/gendiff.go:97.10,98.48 1 0
code/gendiff.go:102.69,105.31 2 1
code/gendiff.go:105.31,106.28 1 1
code/gendiff.go:107.31,114.52 3 1
code/gendiff.go:116.36,118.26 2 1
code/gendiff.go:118.26,119.37 1 1
code/gendiff.go:119.37,121.6 1 1
code/gendiff.go:123.4,129.52 3 1
code/gendiff.go:131.22,138.27 2 0
code/gendiff.go:138.27,144.29 2 0
code/gendiff.go:145.33,147.43 2 0
code/gendiff.go:148.24,151.8 1 0
code/gendiff.go:152.13,156.7 1 0
code/gendiff.go:159.5,159.62 1 0
code/gendiff.go:161.4,161.52 1 0
code/gendiff.go:162.11,167.51 2 1
code/gendiff.go:171.2,171.13 1 1
code/gendiff.go:174.64,180.30 4 1
code/gendiff.go:180.30,186.10 4 1
code/gendiff.go:187.37,189.26 2 1
code/gendiff.go:189.26,191.5 1 1
code/gendiff.go:191.10,193.5 1 1
code/gendiff.go:195.37,197.26 2 1
code/gendiff.go:197.26,199.5 1 1
code/gendiff.go:199.10,201.5 1 1
code/gendiff.go:203.37,204.48 1 1
code/gendiff.go:204.48,207.5 2 1
code/gendiff.go:207.10,207.89 1 1
code/gendiff.go:207.89,210.5 2 1
code/gendiff.go:210.10,212.27 2 1
code/gendiff.go:212.27,214.6 1 1
code/gendiff.go:214.11,216.6 1 1
code/gendiff.go:217.5,217.27 1 1
code/gendiff.go:217.27,219.6 1 0
code/gendiff.go:219.11,221.6 1 1
code/gendiff.go:225.3,225.32 1 1
code/gendiff.go:228.2,228.13 1 1
code/gendiff.go:231.61,234.18 2 1
code/gendiff.go:234.18,235.40 1 1
code/gendiff.go:235.40,237.4 1 1
code/gendiff.go:239.2,239.18 1 1
code/gendiff.go:239.18,240.40 1 1
code/gendiff.go:240.40,242.4 1 1
code/gendiff.go:245.2,246.22 2 1
code/gendiff.go:246.22,248.3 1 1
code/gendiff.go:249.2,249.15 1 1
code/gendiff.go:252.73,253.17 1 1
code/gendiff.go:253.17,255.3 1 0
code/gendiff.go:256.2,256.38 1 1
code/gendiff.go:256.38,257.23 1 1
code/gendiff.go:257.23,259.4 1 1
code/gendiff.go:261.2,261.12 1 1
code/gendiff.go:264.57,265.34 1 1
code/gendiff.go:265.34,267.3 1 0
code/gendiff.go:268.2,268.73 1 1
code/gendiff.go:271.46,273.2 1 1
code/gendiff.go:275.59,276.24 1 1
code/gendiff.go:276.24,278.3 1 1
code/gendiff.go:280.2,281.38 2 1
code/gendiff.go:281.38,283.3 1 1
code/gendiff.go:284.2,284.15 1 1
